<?xml version="1.0" encoding="UTF-8"?>
<!-- Generated by org.testng.reporters.JUnitXMLReporter -->
<testsuite ignored="0" hostname="kanlaya" failures="5" tests="56" name="Regression" time="822.784" errors="0" timestamp="2022-09-03T14:32:09 EDT">
  <testcase classname="test.AppOnlyFunctionalityTesting" name="AppOnlyFunctionality_001_AppOnlyButtonClickable" time="3.789">
    <skipped/>
  </testcase> <!-- AppOnlyFunctionality_001_AppOnlyButtonClickable -->
  <testcase classname="test.AppOnlyFunctionalityTesting" name="AppOnlyFunctionality_001_AppOnlyButtonClickable" time="5.755">
    <skipped/>
  </testcase> <!-- AppOnlyFunctionality_001_AppOnlyButtonClickable -->
  <testcase classname="test.AppOnlyFunctionalityTesting" name="AppOnlyFunctionality_001_AppOnlyButtonClickable" time="4.569">
    <skipped/>
  </testcase> <!-- AppOnlyFunctionality_001_AppOnlyButtonClickable -->
  <testcase classname="test.AppOnlyFunctionalityTesting" name="AppOnlyFunctionality_001_AppOnlyButtonClickable" time="3.413">
    <skipped/>
  </testcase> <!-- AppOnlyFunctionality_001_AppOnlyButtonClickable -->
  <testcase classname="test.AppOnlyFunctionalityTesting" name="AppOnlyFunctionality_001_AppOnlyButtonClickable" time="5.006">
    <failure type="java.lang.NullPointerException">
      <![CDATA[java.lang.NullPointerException
at java.base/java.lang.String.contains(String.java:2036)
at Utilities.CommonMethods.verifyHeader(CommonMethods.java:211)
at pageObj.AppOnlyPageObj.verifyAppOnlyLists(AppOnlyPageObj.java:113)
at test.AppOnlyFunctionalityTesting.AppOnlyFunctionality_001_AppOnlyButtonClickable(AppOnlyFunctionalityTesting.java:23)
at java.base/java.util.ArrayList.forEach(ArrayList.java:1541)
... Removed 27 stack frames]]>
    </failure>
  </testcase> <!-- AppOnlyFunctionality_001_AppOnlyButtonClickable -->
  <testcase classname="test.AppOnlyFunctionalityTesting" name="AppOnlyFunctionality_002_Discount" time="4.29"/>
  <testcase classname="test.AppOnlyFunctionalityTesting" name="AppOnlyFunctionality_003_CellphonesAndAccessories" time="1.965">
    <skipped/>
  </testcase> <!-- AppOnlyFunctionality_003_CellphonesAndAccessories -->
  <testcase classname="test.AppOnlyFunctionalityTesting" name="AppOnlyFunctionality_003_CellphonesAndAccessories" time="2.286">
    <skipped/>
  </testcase> <!-- AppOnlyFunctionality_003_CellphonesAndAccessories -->
  <testcase classname="test.AppOnlyFunctionalityTesting" name="AppOnlyFunctionality_003_CellphonesAndAccessories" time="2.112">
    <skipped/>
  </testcase> <!-- AppOnlyFunctionality_003_CellphonesAndAccessories -->
  <testcase classname="test.AppOnlyFunctionalityTesting" name="AppOnlyFunctionality_003_CellphonesAndAccessories" time="2.034">
    <skipped/>
  </testcase> <!-- AppOnlyFunctionality_003_CellphonesAndAccessories -->
  <testcase classname="test.AppOnlyFunctionalityTesting" name="AppOnlyFunctionality_003_CellphonesAndAccessories" time="2.165">
    <failure type="java.lang.NumberFormatException" message="null">
      <![CDATA[java.lang.NumberFormatException: null
at java.base/java.lang.Integer.parseInt(Integer.java:614)
at java.base/java.lang.Integer.valueOf(Integer.java:983)
at pageObj.AppOnlyPageObj.verifyPhoneClickable(AppOnlyPageObj.java:131)
at test.AppOnlyFunctionalityTesting.AppOnlyFunctionality_003_CellphonesAndAccessories(AppOnlyFunctionalityTesting.java:31)
at java.base/java.util.ArrayList.forEach(ArrayList.java:1541)
... Removed 27 stack frames]]>
    </failure>
  </testcase> <!-- AppOnlyFunctionality_003_CellphonesAndAccessories -->
  <testcase classname="test.AppOnlyFunctionalityTesting" name="AppOnlyFunctionality_004_VerifyIconDisplay" time="3.652"/>
  <testcase classname="test.AppOnlyFunctionalityTesting" name="AppOnlyFunctionality_005_SortBy_Botton_On_WatchandJewelry" time="1.79"/>
  <testcase classname="test.FooterHeaderTesting" name="TC001_Footer_Navigate_To_Contact_Us" time="10.404"/>
  <testcase classname="test.FooterHeaderTesting" name="TC002_Footer_Live_Chat" time="26.475"/>
  <testcase classname="test.FooterHeaderTesting" name="TC003_Footer_Check_My_Points" time="11.048"/>
  <testcase classname="test.FooterHeaderTesting" name="TC004_Footer_Testimonials" time="1.541"/>
  <testcase classname="test.FooterHeaderTesting" name="TC005_Footer_FAQ" time="1.989"/>
  <testcase classname="test.HomepageFunctionalityTesting" name="HomePage_TC001_VerifySliderAndNavBar" time="6.871"/>
  <testcase classname="test.HomepageFunctionalityTesting" name="HomePage_TC002_HomePageFunctionality" time="18.729">
    <skipped/>
  </testcase> <!-- HomePage_TC002_HomePageFunctionality -->
  <testcase classname="test.HomepageFunctionalityTesting" name="HomePage_TC002_HomePageFunctionality" time="17.659">
    <skipped/>
  </testcase> <!-- HomePage_TC002_HomePageFunctionality -->
  <testcase classname="test.HomepageFunctionalityTesting" name="HomePage_TC002_HomePageFunctionality" time="16.322">
    <skipped/>
  </testcase> <!-- HomePage_TC002_HomePageFunctionality -->
  <testcase classname="test.HomepageFunctionalityTesting" name="HomePage_TC002_HomePageFunctionality" time="16.116">
    <skipped/>
  </testcase> <!-- HomePage_TC002_HomePageFunctionality -->
  <testcase classname="test.HomepageFunctionalityTesting" name="HomePage_TC002_HomePageFunctionality" time="16.376">
    <failure type="org.openqa.selenium.NoSuchElementException" message="no such element: Unable to locate element: {&amp;quot;method&amp;quot;:&amp;quot;xpath&amp;quot;,&amp;quot;selector&amp;quot;:&amp;quot;//div[@class=&amp;apos;bi6gxh9e aov4n071&amp;apos;]/span/h1&amp;quot;}
  (Session info: chrome=105.0.5195.53)
For documentation on this error, please visit: https://www.seleniumhq.org/exceptions/no_such_element.html
Build info: version: &amp;apos;3.141.59&amp;apos;, revision: &amp;apos;e82be7d358&amp;apos;, time: &amp;apos;2018-11-14T08:17:03&amp;apos;
System info: host: &amp;apos;KANLAYA&amp;apos;, ip: &amp;apos;192.168.0.26&amp;apos;, os.name: &amp;apos;Windows 11&amp;apos;, os.arch: &amp;apos;amd64&amp;apos;, os.version: &amp;apos;10.0&amp;apos;, java.version: &amp;apos;11.0.14&amp;apos;
Driver info: org.openqa.selenium.chrome.ChromeDriver
Capabilities {acceptInsecureCerts: false, browserName: chrome, browserVersion: 105.0.5195.53, chrome: {chromedriverVersion: 105.0.5195.52 (412c95e51883..., userDataDir: C:\Users\Kanlaya\AppData\Lo...}, goog:chromeOptions: {debuggerAddress: localhost:61644}, javascriptEnabled: true, networkConnectionEnabled: false, pageLoadStrategy: normal, platform: WINDOWS, platformName: WINDOWS, proxy: Proxy(), setWindowRect: true, strictFileInteractability: false, timeouts: {implicit: 0, pageLoad: 300000, script: 30000}, unhandledPromptBehavior: dismiss and notify, webauthn:extension:credBlob: true, webauthn:extension:largeBlob: true, webauthn:virtualAuthenticators: true}
Session ID: 2f7dbfb8225bb8cc17fb45badae69185
*** Element info: {Using=xpath, value=//div[@class=&amp;apos;bi6gxh9e aov4n071&amp;apos;]/span/h1}">
      <![CDATA[org.openqa.selenium.NoSuchElementException: no such element: Unable to locate element: {"method":"xpath","selector":"//div[@class='bi6gxh9e aov4n071']/span/h1"}
  (Session info: chrome=105.0.5195.53)
For documentation on this error, please visit: https://www.seleniumhq.org/exceptions/no_such_element.html
Build info: version: '3.141.59', revision: 'e82be7d358', time: '2018-11-14T08:17:03'
System info: host: 'KANLAYA', ip: '192.168.0.26', os.name: 'Windows 11', os.arch: 'amd64', os.version: '10.0', java.version: '11.0.14'
Driver info: org.openqa.selenium.chrome.ChromeDriver
Capabilities {acceptInsecureCerts: false, browserName: chrome, browserVersion: 105.0.5195.53, chrome: {chromedriverVersion: 105.0.5195.52 (412c95e51883..., userDataDir: C:\Users\Kanlaya\AppData\Lo...}, goog:chromeOptions: {debuggerAddress: localhost:61644}, javascriptEnabled: true, networkConnectionEnabled: false, pageLoadStrategy: normal, platform: WINDOWS, platformName: WINDOWS, proxy: Proxy(), setWindowRect: true, strictFileInteractability: false, timeouts: {implicit: 0, pageLoad: 300000, script: 30000}, unhandledPromptBehavior: dismiss and notify, webauthn:extension:credBlob: true, webauthn:extension:largeBlob: true, webauthn:virtualAuthenticators: true}
Session ID: 2f7dbfb8225bb8cc17fb45badae69185
*** Element info: {Using=xpath, value=//div[@class='bi6gxh9e aov4n071']/span/h1}
at org.openqa.selenium.remote.http.W3CHttpResponseCodec.createException(W3CHttpResponseCodec.java:187)
at org.openqa.selenium.remote.http.W3CHttpResponseCodec.decode(W3CHttpResponseCodec.java:122)
at org.openqa.selenium.remote.http.W3CHttpResponseCodec.decode(W3CHttpResponseCodec.java:49)
at org.openqa.selenium.remote.HttpCommandExecutor.execute(HttpCommandExecutor.java:158)
at org.openqa.selenium.remote.service.DriverCommandExecutor.execute(DriverCommandExecutor.java:83)
at org.openqa.selenium.remote.RemoteWebDriver.execute(RemoteWebDriver.java:552)
at org.openqa.selenium.remote.RemoteWebDriver.findElement(RemoteWebDriver.java:323)
at org.openqa.selenium.remote.RemoteWebDriver.findElementByXPath(RemoteWebDriver.java:428)
at org.openqa.selenium.By$ByXPath.findElement(By.java:353)
at org.openqa.selenium.remote.RemoteWebDriver.findElement(RemoteWebDriver.java:315)
at org.openqa.selenium.support.pagefactory.DefaultElementLocator.findElement(DefaultElementLocator.java:69)
at org.openqa.selenium.support.pagefactory.internal.LocatingElementHandler.invoke(LocatingElementHandler.java:38)
at com.sun.proxy.$Proxy11.getText(Unknown Source)
at Utilities.CommonMethods.verifyHeader(CommonMethods.java:209)
at pageObj.FacebookGearbestPageObj.verifyFBPage(FacebookGearbestPageObj.java:22)
at test.HomepageFunctionalityTesting.HomePage_TC002_HomePageFunctionality(HomepageFunctionalityTesting.java:25)
at java.base/java.util.ArrayList.forEach(ArrayList.java:1541)
... Removed 31 stack frames]]>
    </failure>
  </testcase> <!-- HomePage_TC002_HomePageFunctionality -->
  <testcase classname="test.HomepageFunctionalityTesting" name="HomePage_TC003_ProductDetail" time="27.75"/>
  <testcase classname="test.HomepageFunctionalityTesting" name="HomePage_TC004_AddItemFunctionality" time="7.173"/>
  <testcase classname="test.HomepageFunctionalityTesting" name="HomePage_TC005_CheckOutFunctionality" time="24.18"/>
  <testcase classname="test.LoginTesting" name="TC001_signinValidEmailValidPassword" time="4.011">
    <skipped/>
  </testcase> <!-- TC001_signinValidEmailValidPassword -->
  <testcase classname="test.LoginTesting" name="TC001_signinValidEmailValidPassword" time="3.578"/>
  <testcase classname="test.LoginTesting" name="TC002_signinInvalidEmailValidPassword" time="1.654"/>
  <testcase classname="test.LoginTesting" name="TC003_signinInvalidEmailInvalidPassword" time="1.392"/>
  <testcase classname="test.RegisterTesting" name="TC001registerValidEmailValidPassword" time="1.976"/>
  <testcase classname="test.RegisterTesting" name="TC002registerWithRegisteredEmail" time="1.886"/>
  <testcase classname="test.SearchFunctionalityTesting" name="searchWithKeyword" time="5.73"/>
  <testcase classname="test.SearchFunctionalityTesting" name="searchByCategoriesWithMisspellingKeyword" time="8.987"/>
  <testcase classname="test.SuperDealFunctionalityTesting" name="VerifyComingSoonSaleItemButton" time="15.426">
    <skipped/>
  </testcase> <!-- VerifyComingSoonSaleItemButton -->
  <testcase classname="test.SuperDealFunctionalityTesting" name="VerifyComingSoonSaleItemButton" time="14.146">
    <skipped/>
  </testcase> <!-- VerifyComingSoonSaleItemButton -->
  <testcase classname="test.SuperDealFunctionalityTesting" name="VerifyComingSoonSaleItemButton" time="14.623">
    <skipped/>
  </testcase> <!-- VerifyComingSoonSaleItemButton -->
  <testcase classname="test.SuperDealFunctionalityTesting" name="VerifyComingSoonSaleItemButton" time="14.503">
    <skipped/>
  </testcase> <!-- VerifyComingSoonSaleItemButton -->
  <testcase classname="test.SuperDealFunctionalityTesting" name="VerifyComingSoonSaleItemButton" time="14.092">
    <failure type="org.openqa.selenium.NoSuchElementException" message="no such element: Unable to locate element: {&amp;quot;method&amp;quot;:&amp;quot;xpath&amp;quot;,&amp;quot;selector&amp;quot;:&amp;quot;//*[contains(@class,&amp;apos;goodsIntro_priceWrap&amp;apos;)]/del/span&amp;quot;}
  (Session info: chrome=105.0.5195.53)
For documentation on this error, please visit: https://www.seleniumhq.org/exceptions/no_such_element.html
Build info: version: &amp;apos;3.141.59&amp;apos;, revision: &amp;apos;e82be7d358&amp;apos;, time: &amp;apos;2018-11-14T08:17:03&amp;apos;
System info: host: &amp;apos;KANLAYA&amp;apos;, ip: &amp;apos;192.168.0.26&amp;apos;, os.name: &amp;apos;Windows 11&amp;apos;, os.arch: &amp;apos;amd64&amp;apos;, os.version: &amp;apos;10.0&amp;apos;, java.version: &amp;apos;11.0.14&amp;apos;
Driver info: org.openqa.selenium.chrome.ChromeDriver
Capabilities {acceptInsecureCerts: false, browserName: chrome, browserVersion: 105.0.5195.53, chrome: {chromedriverVersion: 105.0.5195.52 (412c95e51883..., userDataDir: C:\Users\Kanlaya\AppData\Lo...}, goog:chromeOptions: {debuggerAddress: localhost:63039}, javascriptEnabled: true, networkConnectionEnabled: false, pageLoadStrategy: normal, platform: WINDOWS, platformName: WINDOWS, proxy: Proxy(), setWindowRect: true, strictFileInteractability: false, timeouts: {implicit: 0, pageLoad: 300000, script: 30000}, unhandledPromptBehavior: dismiss and notify, webauthn:extension:credBlob: true, webauthn:extension:largeBlob: true, webauthn:virtualAuthenticators: true}
Session ID: e22e123439534550a161b2df5c89efdb
*** Element info: {Using=xpath, value=//*[contains(@class,&amp;apos;goodsIntro_priceWrap&amp;apos;)]/del/span}">
      <![CDATA[org.openqa.selenium.NoSuchElementException: no such element: Unable to locate element: {"method":"xpath","selector":"//*[contains(@class,'goodsIntro_priceWrap')]/del/span"}
  (Session info: chrome=105.0.5195.53)
For documentation on this error, please visit: https://www.seleniumhq.org/exceptions/no_such_element.html
Build info: version: '3.141.59', revision: 'e82be7d358', time: '2018-11-14T08:17:03'
System info: host: 'KANLAYA', ip: '192.168.0.26', os.name: 'Windows 11', os.arch: 'amd64', os.version: '10.0', java.version: '11.0.14'
Driver info: org.openqa.selenium.chrome.ChromeDriver
Capabilities {acceptInsecureCerts: false, browserName: chrome, browserVersion: 105.0.5195.53, chrome: {chromedriverVersion: 105.0.5195.52 (412c95e51883..., userDataDir: C:\Users\Kanlaya\AppData\Lo...}, goog:chromeOptions: {debuggerAddress: localhost:63039}, javascriptEnabled: true, networkConnectionEnabled: false, pageLoadStrategy: normal, platform: WINDOWS, platformName: WINDOWS, proxy: Proxy(), setWindowRect: true, strictFileInteractability: false, timeouts: {implicit: 0, pageLoad: 300000, script: 30000}, unhandledPromptBehavior: dismiss and notify, webauthn:extension:credBlob: true, webauthn:extension:largeBlob: true, webauthn:virtualAuthenticators: true}
Session ID: e22e123439534550a161b2df5c89efdb
*** Element info: {Using=xpath, value=//*[contains(@class,'goodsIntro_priceWrap')]/del/span}
at org.openqa.selenium.remote.http.W3CHttpResponseCodec.createException(W3CHttpResponseCodec.java:187)
at org.openqa.selenium.remote.http.W3CHttpResponseCodec.decode(W3CHttpResponseCodec.java:122)
at org.openqa.selenium.remote.http.W3CHttpResponseCodec.decode(W3CHttpResponseCodec.java:49)
at org.openqa.selenium.remote.HttpCommandExecutor.execute(HttpCommandExecutor.java:158)
at org.openqa.selenium.remote.service.DriverCommandExecutor.execute(DriverCommandExecutor.java:83)
at org.openqa.selenium.remote.RemoteWebDriver.execute(RemoteWebDriver.java:552)
at org.openqa.selenium.remote.RemoteWebDriver.findElement(RemoteWebDriver.java:323)
at org.openqa.selenium.remote.RemoteWebDriver.findElementByXPath(RemoteWebDriver.java:428)
at org.openqa.selenium.By$ByXPath.findElement(By.java:353)
at org.openqa.selenium.remote.RemoteWebDriver.findElement(RemoteWebDriver.java:315)
at org.openqa.selenium.support.pagefactory.DefaultElementLocator.findElement(DefaultElementLocator.java:69)
at org.openqa.selenium.support.pagefactory.internal.LocatingElementHandler.invoke(LocatingElementHandler.java:38)
at com.sun.proxy.$Proxy11.getText(Unknown Source)
at Utilities.CommonMethods.verifyHeader(CommonMethods.java:209)
at pageObj.SuperDealsPageObj.verifyComingOriginalPriceText(SuperDealsPageObj.java:264)
at test.SuperDealFunctionalityTesting.VerifyComingSoonSaleItemButton(SuperDealFunctionalityTesting.java:51)
at java.base/java.util.ArrayList.forEach(ArrayList.java:1541)
... Removed 31 stack frames]]>
    </failure>
  </testcase> <!-- VerifyComingSoonSaleItemButton -->
  <testcase classname="test.SuperDealFunctionalityTesting" name="VerifyFlashSaleDiscount" time="13.702"/>
  <testcase classname="test.SuperDealFunctionalityTesting" name="verifyItemDiscount" time="2.992">
    <skipped/>
  </testcase> <!-- verifyItemDiscount -->
  <testcase classname="test.SuperDealFunctionalityTesting" name="verifyItemDiscount" time="3.549">
    <skipped/>
  </testcase> <!-- verifyItemDiscount -->
  <testcase classname="test.SuperDealFunctionalityTesting" name="verifyItemDiscount" time="3.314">
    <skipped/>
  </testcase> <!-- verifyItemDiscount -->
  <testcase classname="test.SuperDealFunctionalityTesting" name="verifyItemDiscount" time="2.463">
    <skipped/>
  </testcase> <!-- verifyItemDiscount -->
  <testcase classname="test.SuperDealFunctionalityTesting" name="verifyItemDiscount" time="3.701">
    <failure type="java.lang.AssertionError" message="expected [true] but found [false]">
      <![CDATA[java.lang.AssertionError: expected [true] but found [false]
at Utilities.CommonMethods.verifyHeader(CommonMethods.java:211)
at pageObj.SuperDealsPageObj.verifyPercentageDiscountSupText(SuperDealsPageObj.java:164)
at test.SuperDealFunctionalityTesting.verifyItemDiscount(SuperDealFunctionalityTesting.java:21)
at java.base/java.util.ArrayList.forEach(ArrayList.java:1541)
... Removed 31 stack frames]]>
    </failure>
  </testcase> <!-- verifyItemDiscount -->
  <testcase classname="test.CatagoryFunctionality.Appliances1Testing" name="TC001CatAppliancesArrivalNoticeIn360Product" time="6.951"/>
  <testcase classname="test.CatagoryFunctionality.Appliances1Testing" name="TC002CatAppliancesMostExpensiveProductInCart" time="39.227"/>
  <testcase classname="test.CatagoryFunctionality.Appliances1Testing" name="TC003CatAppliancesAddBestRatingVacuum" time="27.119"/>
  <testcase classname="test.CatagoryFunctionality.Appliances1Testing" name="TC004CatAppliancesDropDownButtonsAreClickable" time="4.445"/>
  <testcase classname="test.CatagoryFunctionality.Appliances1Testing" name="TC005CatAppliancesMinAndMaxPriceRange" time="15.973"/>
  <testcase classname="test.CatagoryFunctionality.Appliances2Testing" name="Appliance_TC001_verifyAppliances" time="1.132"/>
  <testcase classname="test.CatagoryFunctionality.Appliances2Testing" name="Appliance_TC002_selectAppliance" time="2.787"/>
  <testcase classname="test.CatagoryFunctionality.Appliances2Testing" name="Appliance_TC003_AddToCart" time="6.968"/>
  <testcase classname="test.CatagoryFunctionality.Appliances2Testing" name="Appliance_TC004_addMoreItem" time="4.445"/>
  <testcase classname="test.CatagoryFunctionality.Appliances2Testing" name="Appliance_TC005_checkoutFunction" time="12.275"/>
</testsuite> <!-- Regression -->
