<?xml version="1.0" encoding="UTF-8"?>
<!-- Generated by org.testng.reporters.JUnitReportReporter -->
<testsuite hostname="kanlaya" failures="0" tests="13" name="test.AppOnlyFunctionalityTesting" time="146.341" errors="2" timestamp="2022-09-03T14:32:10 EDT" skipped="8">
  <testcase classname="test.AppOnlyFunctionalityTesting" name="AppOnlyFunctionality_001_AppOnlyButtonClickable" time="11.326">
    <skipped/>
  </testcase> <!-- AppOnlyFunctionality_001_AppOnlyButtonClickable -->
  <system-out/>
  <testcase classname="test.AppOnlyFunctionalityTesting" name="AppOnlyFunctionality_004_VerifyIconDisplay" time="9.482"/>
  <system-out/>
  <testcase classname="test.AppOnlyFunctionalityTesting" name="AppOnlyFunctionality_001_AppOnlyButtonClickable" time="19.613">
    <skipped/>
  </testcase> <!-- AppOnlyFunctionality_001_AppOnlyButtonClickable -->
  <system-out/>
  <testcase classname="test.AppOnlyFunctionalityTesting" name="AppOnlyFunctionality_003_CellphonesAndAccessories" time="5.221">
    <skipped/>
  </testcase> <!-- AppOnlyFunctionality_003_CellphonesAndAccessories -->
  <system-out/>
  <testcase classname="test.AppOnlyFunctionalityTesting" name="AppOnlyFunctionality_001_AppOnlyButtonClickable" time="14.832">
    <skipped/>
  </testcase> <!-- AppOnlyFunctionality_001_AppOnlyButtonClickable -->
  <system-out/>
  <testcase classname="test.AppOnlyFunctionalityTesting" name="AppOnlyFunctionality_003_CellphonesAndAccessories" time="8.692">
    <skipped/>
  </testcase> <!-- AppOnlyFunctionality_003_CellphonesAndAccessories -->
  <system-out/>
  <testcase classname="test.AppOnlyFunctionalityTesting" name="AppOnlyFunctionality_001_AppOnlyButtonClickable" time="13.145">
    <error type="java.lang.NullPointerException">
      <![CDATA[java.lang.NullPointerException
at java.base/java.lang.String.contains(String.java:2036)
at Utilities.CommonMethods.verifyHeader(CommonMethods.java:211)
at pageObj.AppOnlyPageObj.verifyAppOnlyLists(AppOnlyPageObj.java:113)
at test.AppOnlyFunctionalityTesting.AppOnlyFunctionality_001_AppOnlyButtonClickable(AppOnlyFunctionalityTesting.java:23)
at java.base/jdk.internal.reflect.NativeMethodAccessorImpl.invoke0(Native Method)
at java.base/jdk.internal.reflect.NativeMethodAccessorImpl.invoke(NativeMethodAccessorImpl.java:62)
at java.base/jdk.internal.reflect.DelegatingMethodAccessorImpl.invoke(DelegatingMethodAccessorImpl.java:43)
at java.base/java.lang.reflect.Method.invoke(Method.java:566)
at org.testng.internal.invokers.MethodInvocationHelper.invokeMethod(MethodInvocationHelper.java:135)
at org.testng.internal.invokers.TestInvoker.invokeMethod(TestInvoker.java:673)
at org.testng.internal.invokers.TestInvoker.retryFailed(TestInvoker.java:262)
at org.testng.internal.invokers.MethodRunner.runInSequence(MethodRunner.java:62)
at org.testng.internal.invokers.TestInvoker$MethodInvocationAgent.invoke(TestInvoker.java:945)
at org.testng.internal.invokers.TestInvoker.invokeTestMethods(TestInvoker.java:193)
at org.testng.internal.invokers.TestMethodWorker.invokeTestMethods(TestMethodWorker.java:146)
at org.testng.internal.invokers.TestMethodWorker.run(TestMethodWorker.java:128)
at java.base/java.util.ArrayList.forEach(ArrayList.java:1541)
at org.testng.TestRunner.privateRun(TestRunner.java:808)
at org.testng.TestRunner.run(TestRunner.java:603)
at org.testng.SuiteRunner.runTest(SuiteRunner.java:429)
at org.testng.SuiteRunner.runSequentially(SuiteRunner.java:423)
at org.testng.SuiteRunner.privateRun(SuiteRunner.java:383)
at org.testng.SuiteRunner.run(SuiteRunner.java:326)
at org.testng.SuiteRunnerWorker.runSuite(SuiteRunnerWorker.java:52)
at org.testng.SuiteRunnerWorker.run(SuiteRunnerWorker.java:95)
at org.testng.TestNG.runSuitesSequentially(TestNG.java:1249)
at org.testng.TestNG.runSuitesLocally(TestNG.java:1169)
at org.testng.TestNG.runSuites(TestNG.java:1092)
at org.testng.TestNG.run(TestNG.java:1060)
at org.testng.remote.AbstractRemoteTestNG.run(AbstractRemoteTestNG.java:115)
at org.testng.remote.RemoteTestNG.initAndRun(RemoteTestNG.java:251)
at org.testng.remote.RemoteTestNG.main(RemoteTestNG.java:77)
]]>
    </error>
  </testcase> <!-- AppOnlyFunctionality_001_AppOnlyButtonClickable -->
  <system-out/>
  <testcase classname="test.AppOnlyFunctionalityTesting" name="AppOnlyFunctionality_003_CellphonesAndAccessories" time="8.017">
    <skipped/>
  </testcase> <!-- AppOnlyFunctionality_003_CellphonesAndAccessories -->
  <system-out/>
  <testcase classname="test.AppOnlyFunctionalityTesting" name="AppOnlyFunctionality_002_Discount" time="21.334"/>
  <system-out/>
  <testcase classname="test.AppOnlyFunctionalityTesting" name="AppOnlyFunctionality_003_CellphonesAndAccessories" time="9.442">
    <error message="null" type="java.lang.NumberFormatException">
      <![CDATA[java.lang.NumberFormatException: null
at java.base/java.lang.Integer.parseInt(Integer.java:614)
at java.base/java.lang.Integer.valueOf(Integer.java:983)
at pageObj.AppOnlyPageObj.verifyPhoneClickable(AppOnlyPageObj.java:131)
at test.AppOnlyFunctionalityTesting.AppOnlyFunctionality_003_CellphonesAndAccessories(AppOnlyFunctionalityTesting.java:31)
at java.base/jdk.internal.reflect.NativeMethodAccessorImpl.invoke0(Native Method)
at java.base/jdk.internal.reflect.NativeMethodAccessorImpl.invoke(NativeMethodAccessorImpl.java:62)
at java.base/jdk.internal.reflect.DelegatingMethodAccessorImpl.invoke(DelegatingMethodAccessorImpl.java:43)
at java.base/java.lang.reflect.Method.invoke(Method.java:566)
at org.testng.internal.invokers.MethodInvocationHelper.invokeMethod(MethodInvocationHelper.java:135)
at org.testng.internal.invokers.TestInvoker.invokeMethod(TestInvoker.java:673)
at org.testng.internal.invokers.TestInvoker.retryFailed(TestInvoker.java:262)
at org.testng.internal.invokers.MethodRunner.runInSequence(MethodRunner.java:62)
at org.testng.internal.invokers.TestInvoker$MethodInvocationAgent.invoke(TestInvoker.java:945)
at org.testng.internal.invokers.TestInvoker.invokeTestMethods(TestInvoker.java:193)
at org.testng.internal.invokers.TestMethodWorker.invokeTestMethods(TestMethodWorker.java:146)
at org.testng.internal.invokers.TestMethodWorker.run(TestMethodWorker.java:128)
at java.base/java.util.ArrayList.forEach(ArrayList.java:1541)
at org.testng.TestRunner.privateRun(TestRunner.java:808)
at org.testng.TestRunner.run(TestRunner.java:603)
at org.testng.SuiteRunner.runTest(SuiteRunner.java:429)
at org.testng.SuiteRunner.runSequentially(SuiteRunner.java:423)
at org.testng.SuiteRunner.privateRun(SuiteRunner.java:383)
at org.testng.SuiteRunner.run(SuiteRunner.java:326)
at org.testng.SuiteRunnerWorker.runSuite(SuiteRunnerWorker.java:52)
at org.testng.SuiteRunnerWorker.run(SuiteRunnerWorker.java:95)
at org.testng.TestNG.runSuitesSequentially(TestNG.java:1249)
at org.testng.TestNG.runSuitesLocally(TestNG.java:1169)
at org.testng.TestNG.runSuites(TestNG.java:1092)
at org.testng.TestNG.run(TestNG.java:1060)
at org.testng.remote.AbstractRemoteTestNG.run(AbstractRemoteTestNG.java:115)
at org.testng.remote.RemoteTestNG.initAndRun(RemoteTestNG.java:251)
at org.testng.remote.RemoteTestNG.main(RemoteTestNG.java:77)
]]>
    </error>
  </testcase> <!-- AppOnlyFunctionality_003_CellphonesAndAccessories -->
  <system-out/>
  <testcase classname="test.AppOnlyFunctionalityTesting" name="AppOnlyFunctionality_001_AppOnlyButtonClickable" time="9.228">
    <skipped/>
  </testcase> <!-- AppOnlyFunctionality_001_AppOnlyButtonClickable -->
  <system-out/>
  <testcase classname="test.AppOnlyFunctionalityTesting" name="AppOnlyFunctionality_003_CellphonesAndAccessories" time="7.674">
    <skipped/>
  </testcase> <!-- AppOnlyFunctionality_003_CellphonesAndAccessories -->
  <system-out/>
  <testcase classname="test.AppOnlyFunctionalityTesting" name="AppOnlyFunctionality_005_SortBy_Botton_On_WatchandJewelry" time="8.335"/>
  <system-out/>
</testsuite> <!-- test.AppOnlyFunctionalityTesting -->
